<?xml version="1.0" encoding="UTF-8"?>
<testsuite name="FootballTeamTest" tests="10" skipped="0" failures="0" errors="0" timestamp="2024-04-24T15:33:23" hostname="DESKTOP-530OV67" time="0.586">
  <properties/>
  <testcase name="[1] -1" classname="FootballTeamTest" time="0.43"/>
  <testcase name="[2] -10" classname="FootballTeamTest" time="0.007"/>
  <testcase name="teamsWithSameNumberOfMatchesWonShouldBeEqual()" classname="FootballTeamTest" time="0.012"/>
  <testcase name="teamsWithMoreMatchesWonShouldBeGreather()" classname="FootballTeamTest" time="0.01"/>
  <testcase name="shouldBePossibleToCompareTeams()" classname="FootballTeamTest" time="0.014"/>
  <testcase name="teamsWithLessMatchesWonShouldBeLesser()" classname="FootballTeamTest" time="0.01"/>
  <testcase name="[1] 0" classname="FootballTeamTest" time="0.007"/>
  <testcase name="[2] 1" classname="FootballTeamTest" time="0.007"/>
  <testcase name="[3] 3" classname="FootballTeamTest" time="0.007"/>
  <testcase name="[4] 10" classname="FootballTeamTest" time="0.004"/>
  <system-out><![CDATA[]]></system-out>
  <system-err><![CDATA[]]></system-err>
</testsuite>
